Log dir: /home/abc/Orin_src/simulations/logs/sim_2026-05-08_14-08-50
Log file: /home/abc/Orin_src/simulations/logs/sim_2026-05-08_14-08-50/terminal.log
ROS setup: /opt/ros/jazzy/setup.bash
Workspace: /home/abc/Orin_src
World: robocup_home
Gazebo GUI: false
Machine type: ROSOrin_Mecanum
RViz config: /home/abc/Orin_src/simulations/robot_gazebo/rviz/nav_nav2.rviz
ROS log dir: /home/abc/Orin_src/simulations/logs/sim_2026-05-08_14-08-50/ros
[INFO] [launch]: All log files can be found below /home/abc/Orin_src/simulations/logs/sim_2026-05-08_14-08-50/ros/2026-05-08-14-08-50-462781-abc-Legion-Y9000P-IRX9-207870
[INFO] [launch]: Default logging verbosity is set to INFO
[INFO] [gazebo-1]: process started with pid [207889]
[INFO] [joint_state_publisher-2]: process started with pid [207890]
[INFO] [robot_state_publisher-3]: process started with pid [207892]
[INFO] [create-4]: process started with pid [207893]
[INFO] [parameter_bridge-5]: process started with pid [207894]
[INFO] [static_transform_publisher-6]: process started with pid [207895]
[static_transform_publisher-6] [WARN] [1778220530.766716098] []: Old-style arguments are deprecated; see --help for new-style arguments
[static_transform_publisher-6] [INFO] [1778220530.781388909] [static_transform_publisher]: Spinning until stopped - publishing transform
[static_transform_publisher-6] translation: ('0.000000', '0.000000', '0.000000')
[static_transform_publisher-6] rotation: ('0.000000', '0.000000', '0.000000', '1.000000')
[static_transform_publisher-6] from 'map' to 'odom'
[create-4] [INFO] [1778220530.781525867] [ros_gz_sim]: Requesting list of world names.
[robot_state_publisher-3] [INFO] [1778220530.784368398] [robot_state_publisher]: Robot initialized
[parameter_bridge-5] [INFO] [1778220530.787479464] [ros_gz_bridge]: Creating ROS->GZ Bridge: [/controller/cmd_vel (geometry_msgs/msg/Twist) -> /controller/cmd_vel (gz.msgs.Twist)] (Lazy 0)
[parameter_bridge-5] [INFO] [1778220530.788493033] [ros_gz_bridge]: Creating GZ->ROS Bridge: [/odom (gz.msgs.Odometry) -> /odom (nav_msgs/msg/Odometry)] (Lazy 0)
[parameter_bridge-5] [INFO] [1778220530.789338187] [ros_gz_bridge]: Creating GZ->ROS Bridge: [/odom/tf (gz.msgs.Pose_V) -> /odom/tf (tf2_msgs/msg/TFMessage)] (Lazy 0)
[parameter_bridge-5] [INFO] [1778220530.790079370] [ros_gz_bridge]: Creating GZ->ROS Bridge: [/clock (gz.msgs.Clock) -> /clock (rosgraph_msgs/msg/Clock)] (Lazy 0)
[parameter_bridge-5] [INFO] [1778220530.790452762] [ros_gz_bridge]: Creating GZ->ROS Bridge: [/joint_states (gz.msgs.Model) -> /joint_states (sensor_msgs/msg/JointState)] (Lazy 0)
[parameter_bridge-5] [INFO] [1778220530.791300707] [ros_gz_bridge]: Creating GZ->ROS Bridge: [/scan (gz.msgs.LaserScan) -> /scan (sensor_msgs/msg/LaserScan)] (Lazy 0)
[parameter_bridge-5] [INFO] [1778220530.791541349] [ros_gz_bridge]: Creating GZ->ROS Bridge: [/scan/points (gz.msgs.PointCloudPacked) -> /scan/points (sensor_msgs/msg/PointCloud2)] (Lazy 0)
[parameter_bridge-5] [INFO] [1778220530.791784465] [ros_gz_bridge]: Creating GZ->ROS Bridge: [/imu (gz.msgs.IMU) -> /imu (sensor_msgs/msg/Imu)] (Lazy 0)
[parameter_bridge-5] [INFO] [1778220530.792006132] [ros_gz_bridge]: Creating GZ->ROS Bridge: [/depth_cam/depth_cam (gz.msgs.Image) -> /depth_cam/depth_cam (sensor_msgs/msg/Image)] (Lazy 0)
[parameter_bridge-5] [INFO] [1778220530.792211709] [ros_gz_bridge]: Creating GZ->ROS Bridge: [/depth_cam/rgb/camera_info (gz.msgs.CameraInfo) -> /depth_cam/rgb/camera_info (sensor_msgs/msg/CameraInfo)] (Lazy 0)
[joint_state_publisher-2] [INFO] [1778220531.009988307] [joint_state_publisher]: Waiting for robot_description to be published on the robot_description topic...
[joint_state_publisher-2] [INFO] [1778220531.157230067] [joint_state_publisher]: Got description, configuring robot
[create-4] [INFO] [1778220531.188660624] [ros_gz_sim]: Waiting messages on topic [robot_description].
[create-4] [INFO] [1778220531.200479870] [ros_gz_sim]: Entity creation successful.
[INFO] [create-4]: process has finished cleanly [pid 207893]
[INFO] [1778220535.566763337] [rviz2]: Stereo is NOT SUPPORTED
[INFO] [1778220535.566806130] [rviz2]: OpenGl version: 4.6 (GLSL 4.6)
[INFO] [1778220535.611378369] [rviz2]: Stereo is NOT SUPPORTED
[INFO] [1778220536.676673010] [SlamToolboxPlugin]: Waiting for the slam_toolbox node configuration.
