[INFO] [1778222470.258401710] [planner_server]: 
	planner_server lifecycle node launched. 
	Waiting on external lifecycle transitions to activate
	See https://design.ros2.org/articles/node_lifecycle.html for more information.
[INFO] [1778222470.260249686] [planner_server]: Creating
[INFO] [1778222470.267301851] [global_costmap.global_costmap]: 
	global_costmap lifecycle node launched. 
	Waiting on external lifecycle transitions to activate
	See https://design.ros2.org/articles/node_lifecycle.html for more information.
[INFO] [1778222470.267632551] [global_costmap.global_costmap]: Creating Costmap
[INFO] [1778222470.656250599] [planner_server]: Configuring
[INFO] [1778222470.656270258] [global_costmap.global_costmap]: Configuring
[INFO] [1778222470.660734392] [global_costmap.global_costmap]: Using plugin "static_layer"
[INFO] [1778222470.663864295] [global_costmap.global_costmap]: Subscribing to the map topic (/map) with transient local durability
[INFO] [1778222470.665190982] [global_costmap.global_costmap]: Initialized plugin "static_layer"
[INFO] [1778222470.665209844] [global_costmap.global_costmap]: Using plugin "obstacle_layer"
[INFO] [1778222470.665546601] [global_costmap.global_costmap]: Subscribed to Topics: scan
[INFO] [1778222470.667741418] [global_costmap.global_costmap]: Initialized plugin "obstacle_layer"
[INFO] [1778222470.667752580] [global_costmap.global_costmap]: Using plugin "inflation_layer"
[INFO] [1778222470.667943237] [global_costmap.global_costmap]: Initialized plugin "inflation_layer"
[INFO] [1778222470.677706146] [global_costmap.global_costmap]: StaticLayer: Resizing costmap to 203 X 163 at 0.050000 m/pix
[INFO] [1778222470.678169446] [planner_server]: Created global planner plugin GridBased of type nav2_navfn_planner::NavfnPlanner
[INFO] [1778222470.678193685] [planner_server]: Configuring plugin GridBased of type NavfnPlanner
[INFO] [1778222470.678587383] [planner_server]: Planner Server has GridBased  planners available.
