Log dir: /home/abc/Orin_src/simulations/logs/sim_2026-05-08_14-09-01
Log file: /home/abc/Orin_src/simulations/logs/sim_2026-05-08_14-09-01/terminal.log
ROS setup: /opt/ros/jazzy/setup.bash
Workspace: /home/abc/Orin_src
World: robocup_home
Gazebo GUI: false
Machine type: ROSOrin_Mecanum
RViz config: /home/abc/Orin_src/simulations/robot_gazebo/rviz/nav_nav2.rviz
ROS log dir: /home/abc/Orin_src/simulations/logs/sim_2026-05-08_14-09-01/ros
[INFO] [launch]: All log files can be found below /home/abc/Orin_src/simulations/logs/sim_2026-05-08_14-09-01/ros/2026-05-08-14-09-02-330650-abc-Legion-Y9000P-IRX9-208389
[INFO] [launch]: Default logging verbosity is set to INFO
[INFO] [gazebo-1]: process started with pid [208408]
[INFO] [joint_state_publisher-2]: process started with pid [208409]
[INFO] [robot_state_publisher-3]: process started with pid [208411]
[INFO] [create-4]: process started with pid [208412]
[INFO] [parameter_bridge-5]: process started with pid [208413]
[INFO] [static_transform_publisher-6]: process started with pid [208414]
[static_transform_publisher-6] [WARN] [1778220542.628914651] []: Old-style arguments are deprecated; see --help for new-style arguments
[static_transform_publisher-6] [INFO] [1778220542.640247335] [static_transform_publisher]: Spinning until stopped - publishing transform
[static_transform_publisher-6] translation: ('0.000000', '0.000000', '0.000000')
[static_transform_publisher-6] rotation: ('0.000000', '0.000000', '0.000000', '1.000000')
[static_transform_publisher-6] from 'map' to 'odom'
[create-4] [INFO] [1778220542.642315290] [ros_gz_sim]: Requesting list of world names.
[robot_state_publisher-3] [INFO] [1778220542.646662199] [robot_state_publisher]: Robot initialized
[parameter_bridge-5] [INFO] [1778220542.665318514] [ros_gz_bridge]: Creating ROS->GZ Bridge: [/controller/cmd_vel (geometry_msgs/msg/Twist) -> /controller/cmd_vel (gz.msgs.Twist)] (Lazy 0)
[parameter_bridge-5] [INFO] [1778220542.667057252] [ros_gz_bridge]: Creating GZ->ROS Bridge: [/odom (gz.msgs.Odometry) -> /odom (nav_msgs/msg/Odometry)] (Lazy 0)
[parameter_bridge-5] [INFO] [1778220542.668524038] [ros_gz_bridge]: Creating GZ->ROS Bridge: [/odom/tf (gz.msgs.Pose_V) -> /odom/tf (tf2_msgs/msg/TFMessage)] (Lazy 0)
[parameter_bridge-5] [INFO] [1778220542.669844104] [ros_gz_bridge]: Creating GZ->ROS Bridge: [/clock (gz.msgs.Clock) -> /clock (rosgraph_msgs/msg/Clock)] (Lazy 0)
[parameter_bridge-5] [INFO] [1778220542.670492127] [ros_gz_bridge]: Creating GZ->ROS Bridge: [/joint_states (gz.msgs.Model) -> /joint_states (sensor_msgs/msg/JointState)] (Lazy 0)
[parameter_bridge-5] [INFO] [1778220542.671836692] [ros_gz_bridge]: Creating GZ->ROS Bridge: [/scan (gz.msgs.LaserScan) -> /scan (sensor_msgs/msg/LaserScan)] (Lazy 0)
[parameter_bridge-5] [INFO] [1778220542.672335856] [ros_gz_bridge]: Creating GZ->ROS Bridge: [/scan/points (gz.msgs.PointCloudPacked) -> /scan/points (sensor_msgs/msg/PointCloud2)] (Lazy 0)
[parameter_bridge-5] [INFO] [1778220542.672822166] [ros_gz_bridge]: Creating GZ->ROS Bridge: [/imu (gz.msgs.IMU) -> /imu (sensor_msgs/msg/Imu)] (Lazy 0)
[parameter_bridge-5] [INFO] [1778220542.673270327] [ros_gz_bridge]: Creating GZ->ROS Bridge: [/depth_cam/depth_cam (gz.msgs.Image) -> /depth_cam/depth_cam (sensor_msgs/msg/Image)] (Lazy 0)
[parameter_bridge-5] [INFO] [1778220542.673674214] [ros_gz_bridge]: Creating GZ->ROS Bridge: [/depth_cam/rgb/camera_info (gz.msgs.CameraInfo) -> /depth_cam/rgb/camera_info (sensor_msgs/msg/CameraInfo)] (Lazy 0)
[joint_state_publisher-2] [INFO] [1778220542.863626401] [joint_state_publisher]: Waiting for robot_description to be published on the robot_description topic...
[joint_state_publisher-2] [INFO] [1778220543.011788856] [joint_state_publisher]: Got description, configuring robot
[create-4] [INFO] [1778220543.043869876] [ros_gz_sim]: Waiting messages on topic [robot_description].
[create-4] [INFO] [1778220543.055108003] [ros_gz_sim]: Entity creation successful.
[INFO] [create-4]: process has finished cleanly [pid 208412]
[INFO] [1778220547.502301253] [rviz2]: Stereo is NOT SUPPORTED
[INFO] [1778220547.502345575] [rviz2]: OpenGl version: 4.6 (GLSL 4.6)
[INFO] [1778220547.538052512] [rviz2]: Stereo is NOT SUPPORTED
[INFO] [1778220548.611149588] [SlamToolboxPlugin]: Waiting for the slam_toolbox node configuration.
