[slam.sh] 2026-05-11 16:49:43
[slam.sh] HOME=/home/ubuntu
[slam.sh] script_dir=/home/ubuntu/ros2_ws/bringup/scripts
[slam.sh] log_dir=/home/ubuntu/ros2_ws/bringup/scripts/slam_logs
[slam.sh] source workspace environment for diagnostics
[32m----------------------------------------------
当前环境是ROS2|The current environment is ROS2
----------------------------------------------[0m
|LIDAR|CAMERA|MIC|LANGUAGE|SSID_PREFIX|ASR_MODE: [32m|MS200|aurora|xf|English|HW|online[0m
MACHINE: [32mROSOrin_Mecanum[0m
HOST:    [32m/[0m
MASTER:  [32m/[0m
ROS_DOMAIN_ID: [32m0[0m
VERSION: [32m|V1.0.0|App_ROS2_1.0|2025-11-18|[0m
[32m----------------------------------------------
当前环境是ROS2|The current environment is ROS2
----------------------------------------------[0m
|LIDAR|CAMERA|MIC|LANGUAGE|SSID_PREFIX|ASR_MODE: [32m|MS200|aurora|xf|English|HW|online[0m
MACHINE: [32mROSOrin_Mecanum[0m
HOST:    [32m/[0m
MASTER:  [32m/[0m
ROS_DOMAIN_ID: [32m0[0m
VERSION: [32m|V1.0.0|App_ROS2_1.0|2025-11-18|[0m
[slam.sh] ros2=/opt/ros/humble/bin/ros2
[slam.sh] slam prefix=/home/ubuntu/ros2_ws/install/slam
[slam.sh] installed slam launch=/home/ubuntu/ros2_ws/install/slam/share/slam/launch/slam.launch.py
[32m----------------------------------------------
当前环境是ROS2|The current environment is ROS2
----------------------------------------------[0m
|LIDAR|CAMERA|MIC|LANGUAGE|SSID_PREFIX|ASR_MODE: [32m|MS200|aurora|xf|English|HW|online[0m
MACHINE: [32mROSOrin_Mecanum[0m
HOST:    [32m/[0m
MASTER:  [32m/[0m
ROS_DOMAIN_ID: [32m0[0m
VERSION: [32m|V1.0.0|App_ROS2_1.0|2025-11-18|[0m
[32m----------------------------------------------
当前环境是ROS2|The current environment is ROS2
----------------------------------------------[0m
|LIDAR|CAMERA|MIC|LANGUAGE|SSID_PREFIX|ASR_MODE: [32m|MS200|aurora|xf|English|HW|online[0m
MACHINE: [32mROSOrin_Mecanum[0m
HOST:    [32m/[0m
MASTER:  [32m/[0m
ROS_DOMAIN_ID: [32m0[0m
VERSION: [32m|V1.0.0|App_ROS2_1.0|2025-11-18|[0m
[slam.sh] gnome-terminal launched
